Determining if the pthread_create exist failed with the following output:
Change Dir: /home/spyro/Documents/github/GameEngine/game_engine/target/debug/build/shaderc-6cba4d0b958f4a9a/out/build/CMakeFiles/CMakeTmp

Run Build Command:"/usr/bin/make" "cmTC_3cfb7/fast"
/usr/bin/make -f CMakeFiles/cmTC_3cfb7.dir/build.make CMakeFiles/cmTC_3cfb7.dir/build
make[1]: Entering directory '/home/spyro/Documents/github/GameEngine/game_engine/target/debug/build/shaderc-6cba4d0b958f4a9a/out/build/CMakeFiles/CMakeTmp'
Building C object CMakeFiles/cmTC_3cfb7.dir/CheckSymbolExists.c.o
/usr/bin/cc   -ffunction-sections -fdata-sections -fPIC -m64  -fPIE   -o CMakeFiles/cmTC_3cfb7.dir/CheckSymbolExists.c.o   -c /home/spyro/Documents/github/GameEngine/game_engine/target/debug/build/shaderc-6cba4d0b958f4a9a/out/build/CMakeFiles/CMakeTmp/CheckSymbolExists.c
Linking C executable cmTC_3cfb7
/usr/bin/cmake -E cmake_link_script CMakeFiles/cmTC_3cfb7.dir/link.txt --verbose=1
/usr/bin/cc  -ffunction-sections -fdata-sections -fPIC -m64     -rdynamic CMakeFiles/cmTC_3cfb7.dir/CheckSymbolExists.c.o  -o cmTC_3cfb7 
CMakeFiles/cmTC_3cfb7.dir/CheckSymbolExists.c.o: In function `main':
CheckSymbolExists.c:(.text.main+0x1b): undefined reference to `pthread_create'
collect2: error: ld returned 1 exit status
CMakeFiles/cmTC_3cfb7.dir/build.make:97: recipe for target 'cmTC_3cfb7' failed
make[1]: *** [cmTC_3cfb7] Error 1
make[1]: Leaving directory '/home/spyro/Documents/github/GameEngine/game_engine/target/debug/build/shaderc-6cba4d0b958f4a9a/out/build/CMakeFiles/CMakeTmp'
Makefile:126: recipe for target 'cmTC_3cfb7/fast' failed
make: *** [cmTC_3cfb7/fast] Error 2

File /home/spyro/Documents/github/GameEngine/game_engine/target/debug/build/shaderc-6cba4d0b958f4a9a/out/build/CMakeFiles/CMakeTmp/CheckSymbolExists.c:
/* */
#include <pthread.h>

int main(int argc, char** argv)
{
  (void)argv;
#ifndef pthread_create
  return ((int*)(&pthread_create))[argc];
#else
  (void)argc;
  return 0;
#endif
}

